============================= test session starts ==============================
platform linux -- Python 3.10.6, pytest-9.0.2, pluggy-1.6.0 -- /home/gunay/.pyenv/versions/3.10.6/envs/taxifare-env/bin/python
cachedir: .pytest_cache
rootdir: /home/gunay/code/07-ML-Ops/01-Train-at-scale/S20D1-S-data-train-at-scale/tests
configfile: pytest_kitt.ini
collecting ... collected 8 items

tests/train_at_scale/test_clean.py::test_clean_data PASSED               [ 12%]
tests/train_at_scale/test_main_local.py::TestMainLocal::test_route_preprocess_and_train PASSED [ 25%]
tests/train_at_scale/test_main_local.py::TestMainLocal::test_route_pred PASSED [ 37%]
tests/train_at_scale/test_main_local.py::TestMainLocal::test_route_preprocess PASSED [ 50%]
tests/train_at_scale/test_main_local.py::TestMainLocal::test_route_train PASSED [ 62%]
tests/train_at_scale/test_model.py::test_model_can_fit PASSED            [ 75%]
tests/train_at_scale/test_notebook.py::TestNotebook::test_y_pred PASSED  [ 87%]
tests/train_at_scale/test_processor_pipeline.py::test_preprocess_features PASSED [100%]

======================= 8 passed, 20 warnings in 27.14s ========================
